<?xml version="1.0" encoding="utf-8"?><testsuites name="pytest tests"><testsuite name="pytest" errors="0" failures="0" skipped="0" tests="13" time="0.682" timestamp="2026-09-03T02:30:11.405470+00:00" hostname="agent-env-4870766e-1115-4281-80cc-8487d1bcf680"><testcase classname="backend.tests.test_ios_build16_config.TestMicrophoneRemoval" name="test_ios_no_microphone_usage_description" time="0.657" /><testcase classname="backend.tests.test_ios_build16_config.TestMicrophoneRemoval" name="test_ios_camera_usage_description_present_and_specific" time="0.000" /><testcase classname="backend.tests.test_ios_build16_config.TestMicrophoneRemoval" name="test_ios_photo_library_usage_description_present_and_specific" time="0.000" /><testcase classname="backend.tests.test_ios_build16_config.TestMicrophoneRemoval" name="test_android_no_record_audio" time="0.000" /><testcase classname="backend.tests.test_ios_build16_config.TestMicrophoneRemoval" name="test_android_has_camera" time="0.000" /><testcase classname="backend.tests.test_ios_build16_config.TestIPadPortraitLock" name="test_ios_require_full_screen_true" time="0.000" /><testcase classname="backend.tests.test_ios_build16_config.TestIPadPortraitLock" name="test_ios_supports_tablet_true" time="0.000" /><testcase classname="backend.tests.test_ios_build16_config.TestIPadPortraitLock" name="test_ios_orientation_portrait_only" time="0.000" /><testcase classname="backend.tests.test_ios_build16_config.TestIPadPortraitLock" name="test_ios_no_ipad_landscape_override" time="0.000" /><testcase classname="backend.tests.test_ios_build16_config.TestVersionAndEncryption" name="test_ios_short_version" time="0.000" /><testcase classname="backend.tests.test_ios_build16_config.TestVersionAndEncryption" name="test_ios_build_number" time="0.000" /><testcase classname="backend.tests.test_ios_build16_config.TestVersionAndEncryption" name="test_ios_encryption_exempt" time="0.000" /><testcase classname="backend.tests.test_ios_build16_config.TestVersionAndEncryption" name="test_android_version_code" time="0.000" /></testsuite></testsuites>