<?xml version="1.0" encoding="utf-8"?><testsuites name="pytest tests"><testsuite name="pytest" errors="0" failures="0" skipped="0" tests="9" time="2.370" timestamp="2026-09-02T03:05:22.458476+00:00" hostname="agent-env-4870766e-1115-4281-80cc-8487d1bcf680"><testcase classname="backend.tests.test_ios_pre_release.TestRegistrationValidation" name="test_bad_email" time="0.369" /><testcase classname="backend.tests.test_ios_pre_release.TestRegistrationValidation" name="test_short_password" time="0.064" /><testcase classname="backend.tests.test_ios_pre_release.TestRegistrationValidation" name="test_duplicate_email" time="0.067" /><testcase classname="backend.tests.test_ios_pre_release.TestQAUserLifecycle" name="test_a_register" time="0.293" /><testcase classname="backend.tests.test_ios_pre_release.TestQAUserLifecycle" name="test_b_change_password" time="0.515" /><testcase classname="backend.tests.test_ios_pre_release.TestQAUserLifecycle" name="test_c_old_password_fails" time="0.291" /><testcase classname="backend.tests.test_ios_pre_release.TestQAUserLifecycle" name="test_d_new_password_works" time="0.295" /><testcase classname="backend.tests.test_ios_pre_release.TestQAUserLifecycle" name="test_e_delete_account" time="0.292" /><testcase classname="backend.tests.test_ios_pre_release.TestQAUserLifecycle" name="test_f_check_email_gone" time="0.069" /></testsuite></testsuites>