<?xml version="1.0" encoding="utf-8"?><testsuites name="pytest tests"><testsuite name="pytest" errors="0" failures="7" skipped="0" tests="26" time="24.045" timestamp="2026-09-02T03:04:16.077034+00:00" hostname="agent-env-4870766e-1115-4281-80cc-8487d1bcf680"><testcase classname="backend.tests.test_ios_pre_release.TestHealth" name="test_health" time="0.234" /><testcase classname="backend.tests.test_ios_pre_release.TestHealth" name="test_warmup_fast" time="0.062" /><testcase classname="backend.tests.test_ios_pre_release.TestReviewAccountSelfHeal" name="test_1_review_password_login_ok" time="0.528" /><testcase classname="backend.tests.test_ios_pre_release.TestReviewAccountSelfHeal" name="test_2_change_password_self_heal" time="2.741" /><testcase classname="backend.tests.test_ios_pre_release.TestReviewAccountSelfHeal" name="test_3_wrong_password_message" time="0.280" /><testcase classname="backend.tests.test_ios_pre_release.TestReviewAccountSelfHeal" name="test_4_delete_and_recreate" time="2.642" /><testcase classname="backend.tests.test_ios_pre_release.TestLocations" name="test_countries" time="0.065" /><testcase classname="backend.tests.test_ios_pre_release.TestLocations" name="test_states_us" time="0.066" /><testcase classname="backend.tests.test_ios_pre_release.TestLocations" name="test_cities_us_ca" time="0.069" /><testcase classname="backend.tests.test_ios_pre_release.TestTravelStyle" name="test_travel_style_japan" time="9.508" /><testcase classname="backend.tests.test_ios_pre_release.TestSkinAnalysis" name="test_analyze_skin_care" time="1.030" /><testcase classname="backend.tests.test_ios_pre_release.TestSkinAnalysis" name="test_analyze_makeup" time="0.585" /><testcase classname="backend.tests.test_ios_pre_release.TestSkinAnalysis" name="test_history_lists_analysis" time="0.571" /><testcase classname="backend.tests.test_ios_pre_release.TestChat" name="test_chat_beauty_question" time="1.864" /><testcase classname="backend.tests.test_ios_pre_release.TestChat" name="test_chat_non_beauty_redirect" time="1.126" /><testcase classname="backend.tests.test_ios_pre_release.TestFeedback" name="test_feedback_submit" time="0.564" /><testcase classname="backend.tests.test_ios_pre_release.TestForgotPassword" name="test_forgot_password_neutral" time="1.411" /><testcase classname="backend.tests.test_ios_pre_release.TestRegistrationValidation" name="test_bad_email" time="0.063"><failure message="assert 422 == 400&#10; +  where 422 = &lt;Response [422]&gt;.status_code">backend/tests/test_ios_pre_release.py:254: in test_bad_email
    assert r.status_code == 400
E   assert 422 == 400
E    +  where 422 = &lt;Response [422]&gt;.status_code</failure></testcase><testcase classname="backend.tests.test_ios_pre_release.TestRegistrationValidation" name="test_short_password" time="0.060"><failure message="assert 422 == 400&#10; +  where 422 = &lt;Response [422]&gt;.status_code">backend/tests/test_ios_pre_release.py:260: in test_short_password
    assert r.status_code == 400
E   assert 422 == 400
E    +  where 422 = &lt;Response [422]&gt;.status_code</failure></testcase><testcase classname="backend.tests.test_ios_pre_release.TestRegistrationValidation" name="test_duplicate_email" time="0.059"><failure message="assert 422 == 400&#10; +  where 422 = &lt;Response [422]&gt;.status_code">backend/tests/test_ios_pre_release.py:266: in test_duplicate_email
    assert r.status_code == 400
E   assert 422 == 400
E    +  where 422 = &lt;Response [422]&gt;.status_code</failure></testcase><testcase classname="backend.tests.test_ios_pre_release.TestQAUserLifecycle" name="test_a_register" time="0.063"><failure message="AssertionError: {&quot;detail&quot;:[{&quot;type&quot;:&quot;missing&quot;,&quot;loc&quot;:[&quot;body&quot;,&quot;name&quot;],&quot;msg&quot;:&quot;Field required&quot;,&quot;input&quot;:{&quot;email&quot;:&quot;ios_qa_1788318256@mak.com&quot;,&quot;password&quot;:&quot;qapass12345&quot;,&quot;display_name&quot;:&quot;TEST_QA_User&quot;},&quot;url&quot;:&quot;https://errors.pydantic.dev/2.12/v/missing&quot;}]}&#10;assert 422 == 200&#10; +  where 422 = &lt;Response [422]&gt;.status_code">backend/tests/test_ios_pre_release.py:280: in test_a_register
    assert r.status_code == 200, r.text
E   AssertionError: {"detail":[{"type":"missing","loc":["body","name"],"msg":"Field required","input":{"email":"ios_qa_1788318256@mak.com","password":"qapass12345","display_name":"TEST_QA_User"},"url":"https://errors.pydantic.dev/2.12/v/missing"}]}
E   assert 422 == 200
E    +  where 422 = &lt;Response [422]&gt;.status_code</failure></testcase><testcase classname="backend.tests.test_ios_pre_release.TestQAUserLifecycle" name="test_b_change_password" time="0.000"><failure message="assert None is not None&#10; +  where None = TestQAUserLifecycle.qa_uid">backend/tests/test_ios_pre_release.py:284: in test_b_change_password
    assert TestQAUserLifecycle.qa_uid is not None
E   assert None is not None
E    +  where None = TestQAUserLifecycle.qa_uid</failure></testcase><testcase classname="backend.tests.test_ios_pre_release.TestQAUserLifecycle" name="test_c_old_password_fails" time="0.061" /><testcase classname="backend.tests.test_ios_pre_release.TestQAUserLifecycle" name="test_d_new_password_works" time="0.059"><failure message="assert 400 == 200&#10; +  where 400 = &lt;Response [400]&gt;.status_code">backend/tests/test_ios_pre_release.py:299: in test_d_new_password_works
    assert r.status_code == 200
E   assert 400 == 200
E    +  where 400 = &lt;Response [400]&gt;.status_code</failure></testcase><testcase classname="backend.tests.test_ios_pre_release.TestQAUserLifecycle" name="test_e_delete_account" time="0.000"><failure message="assert None is not None&#10; +  where None = TestQAUserLifecycle.qa_uid">backend/tests/test_ios_pre_release.py:302: in test_e_delete_account
    assert TestQAUserLifecycle.qa_uid is not None
E   assert None is not None
E    +  where None = TestQAUserLifecycle.qa_uid</failure></testcase><testcase classname="backend.tests.test_ios_pre_release.TestQAUserLifecycle" name="test_f_check_email_gone" time="0.057" /></testsuite></testsuites>