<?xml version="1.0" encoding="utf-8"?><testsuites name="pytest tests"><testsuite name="pytest" errors="0" failures="2" skipped="0" tests="31" time="13.658" timestamp="2026-09-03T02:31:05.309675+00:00" hostname="agent-env-4870766e-1115-4281-80cc-8487d1bcf680"><testcase classname="backend.tests.test_ios_build16_edge_cases.TestCheckEmail" name="test_invalid_format" time="2.636" /><testcase classname="backend.tests.test_ios_build16_edge_cases.TestCheckEmail" name="test_unknown" time="0.118" /><testcase classname="backend.tests.test_ios_build16_edge_cases.TestCheckEmail" name="test_known" time="0.300" /><testcase classname="backend.tests.test_ios_build16_edge_cases.TestRegisterEdge" name="test_short_name" time="0.065" /><testcase classname="backend.tests.test_ios_build16_edge_cases.TestRegisterEdge" name="test_html_in_name" time="0.066" /><testcase classname="backend.tests.test_ios_build16_edge_cases.TestEmailNormalization" name="test_email_case_and_whitespace" time="0.514" /><testcase classname="backend.tests.test_ios_build16_edge_cases.TestAuthMessages" name="test_unknown_email_message" time="0.073" /><testcase classname="backend.tests.test_ios_build16_edge_cases.TestAuthMessages" name="test_wrong_password_message" time="0.314" /><testcase classname="backend.tests.test_ios_build16_edge_cases.TestAnalyzeSkinEdges" name="test_empty_image" time="0.620" /><testcase classname="backend.tests.test_ios_build16_edge_cases.TestAnalyzeSkinEdges" name="test_tiny_image" time="0.131" /><testcase classname="backend.tests.test_ios_build16_edge_cases.TestAnalyzeSkinEdges" name="test_oversized_image" time="0.897"><failure message="assert 'large' in &quot;image couldn't be processed. please use a clear photo.&quot;&#10; +  where &quot;image couldn't be processed. please use a clear photo.&quot; = &lt;built-in method lower of str object at 0xfbf5ebed7d70&gt;()&#10; +    where &lt;built-in method lower of str object at 0xfbf5ebed7d70&gt; = &quot;Image couldn't be processed. Please use a clear photo.&quot;.lower&#10; +      where &quot;Image couldn't be processed. Please use a clear photo.&quot; = &lt;built-in method get of dict object at 0xfbf5ebf40600&gt;('detail', '')&#10; +        where &lt;built-in method get of dict object at 0xfbf5ebf40600&gt; = {'detail': &quot;Image couldn't be processed. Please use a clear photo.&quot;}.get&#10; +          where {'detail': &quot;Image couldn't be processed. Please use a clear photo.&quot;} = json()&#10; +            where json = &lt;Response [400]&gt;.json">backend/tests/test_ios_build16_edge_cases.py:126: in test_oversized_image
    assert "large" in r.json().get("detail", "").lower()
E   assert 'large' in "image couldn't be processed. please use a clear photo."
E    +  where "image couldn't be processed. please use a clear photo." = &lt;built-in method lower of str object at 0xfbf5ebed7d70&gt;()
E    +    where &lt;built-in method lower of str object at 0xfbf5ebed7d70&gt; = "Image couldn't be processed. Please use a clear photo.".lower
E    +      where "Image couldn't be processed. Please use a clear photo." = &lt;built-in method get of dict object at 0xfbf5ebf40600&gt;('detail', '')
E    +        where &lt;built-in method get of dict object at 0xfbf5ebf40600&gt; = {'detail': "Image couldn't be processed. Please use a clear photo."}.get
E    +          where {'detail': "Image couldn't be processed. Please use a clear photo."} = json()
E    +            where json = &lt;Response [400]&gt;.json</failure></testcase><testcase classname="backend.tests.test_ios_build16_edge_cases.TestAnalyzeSkinEdges" name="test_unknown_user_id" time="0.087" /><testcase classname="backend.tests.test_ios_build16_edge_cases.TestAnalyzeSkinEdges" name="test_no_500" time="0.088" /><testcase classname="backend.tests.test_ios_build16_edge_cases.TestAnalysisFetch" name="test_get_analyses_timestamps_tz_aware" time="0.093" /><testcase classname="backend.tests.test_ios_build16_edge_cases.TestAnalysisFetch" name="test_analysis_nonexistent_returns_404" time="0.072" /><testcase classname="backend.tests.test_ios_build16_edge_cases.TestTravelStyleEdge" name="test_missing_country" time="0.080" /><testcase classname="backend.tests.test_ios_build16_edge_cases.TestLocationsEdge" name="test_states_unknown_country_empty" time="0.090" /><testcase classname="backend.tests.test_ios_build16_edge_cases.TestLocationsEdge" name="test_cities_unknown_state_empty" time="0.099" /><testcase classname="backend.tests.test_ios_build16_edge_cases.TestLocationsEdge" name="test_states_in" time="0.079" /><testcase classname="backend.tests.test_ios_build16_edge_cases.TestChatEdges" name="test_empty_message" time="0.090"><failure message="assert 200 in (400, 422)&#10; +  where 200 = &lt;Response [200]&gt;.status_code">backend/tests/test_ios_build16_edge_cases.py:195: in test_empty_message
    assert r.status_code in (400, 422)
E   assert 200 in (400, 422)
E    +  where 200 = &lt;Response [200]&gt;.status_code</failure></testcase><testcase classname="backend.tests.test_ios_build16_edge_cases.TestChatEdges" name="test_session_reuse" time="3.222" /><testcase classname="backend.tests.test_ios_build16_edge_cases.TestFeedbackEdges" name="test_rating_zero_invalid" time="0.135" /><testcase classname="backend.tests.test_ios_build16_edge_cases.TestFeedbackEdges" name="test_rating_six_invalid" time="0.068" /><testcase classname="backend.tests.test_ios_build16_edge_cases.TestFeedbackEdges" name="test_feedback_list" time="0.072" /><testcase classname="backend.tests.test_ios_build16_edge_cases.TestNotifySignup" name="test_valid_and_duplicate" time="0.198" /><testcase classname="backend.tests.test_ios_build16_edge_cases.TestNotifySignup" name="test_invalid_email" time="0.090" /><testcase classname="backend.tests.test_ios_build16_edge_cases.TestForgotResetPassword" name="test_forgot_known_neutral" time="2.279" /><testcase classname="backend.tests.test_ios_build16_edge_cases.TestForgotResetPassword" name="test_forgot_unknown_neutral" time="0.604" /><testcase classname="backend.tests.test_ios_build16_edge_cases.TestForgotResetPassword" name="test_reset_bogus_token" time="0.074" /><testcase classname="backend.tests.test_ios_build16_edge_cases.TestForgotResetPassword" name="test_reset_short_password" time="0.070" /><testcase classname="backend.tests.test_ios_build16_edge_cases.TestZFinalRestore" name="test_restore_display_name" time="0.076" /></testsuite></testsuites>