<?xml version="1.0" encoding="utf-8"?><testsuites name="pytest tests"><testsuite name="pytest" errors="0" failures="0" skipped="0" tests="26" time="27.790" timestamp="2026-09-03T02:31:28.713670+00:00" hostname="agent-env-4870766e-1115-4281-80cc-8487d1bcf680"><testcase classname="backend.tests.test_ios_pre_release.TestHealth" name="test_health" time="0.161" /><testcase classname="backend.tests.test_ios_pre_release.TestHealth" name="test_warmup_fast" time="0.076" /><testcase classname="backend.tests.test_ios_pre_release.TestReviewAccountSelfHeal" name="test_1_review_password_login_ok" time="0.519" /><testcase classname="backend.tests.test_ios_pre_release.TestReviewAccountSelfHeal" name="test_2_change_password_self_heal" time="2.769" /><testcase classname="backend.tests.test_ios_pre_release.TestReviewAccountSelfHeal" name="test_3_wrong_password_message" time="0.295" /><testcase classname="backend.tests.test_ios_pre_release.TestReviewAccountSelfHeal" name="test_4_delete_and_recreate" time="2.711" /><testcase classname="backend.tests.test_ios_pre_release.TestLocations" name="test_countries" time="0.082" /><testcase classname="backend.tests.test_ios_pre_release.TestLocations" name="test_states_us" time="0.073" /><testcase classname="backend.tests.test_ios_pre_release.TestLocations" name="test_cities_us_ca" time="0.094" /><testcase classname="backend.tests.test_ios_pre_release.TestTravelStyle" name="test_travel_style_japan" time="10.674" /><testcase classname="backend.tests.test_ios_pre_release.TestSkinAnalysis" name="test_analyze_skin_care" time="0.956" /><testcase classname="backend.tests.test_ios_pre_release.TestSkinAnalysis" name="test_analyze_makeup" time="0.619" /><testcase classname="backend.tests.test_ios_pre_release.TestSkinAnalysis" name="test_history_lists_analysis" time="0.593" /><testcase classname="backend.tests.test_ios_pre_release.TestChat" name="test_chat_beauty_question" time="1.867" /><testcase classname="backend.tests.test_ios_pre_release.TestChat" name="test_chat_non_beauty_redirect" time="1.331" /><testcase classname="backend.tests.test_ios_pre_release.TestFeedback" name="test_feedback_submit" time="0.601" /><testcase classname="backend.tests.test_ios_pre_release.TestForgotPassword" name="test_forgot_password_neutral" time="2.286" /><testcase classname="backend.tests.test_ios_pre_release.TestRegistrationValidation" name="test_bad_email" time="0.070" /><testcase classname="backend.tests.test_ios_pre_release.TestRegistrationValidation" name="test_short_password" time="0.076" /><testcase classname="backend.tests.test_ios_pre_release.TestRegistrationValidation" name="test_duplicate_email" time="0.072" /><testcase classname="backend.tests.test_ios_pre_release.TestQAUserLifecycle" name="test_a_register" time="0.295" /><testcase classname="backend.tests.test_ios_pre_release.TestQAUserLifecycle" name="test_b_change_password" time="0.518" /><testcase classname="backend.tests.test_ios_pre_release.TestQAUserLifecycle" name="test_c_old_password_fails" time="0.291" /><testcase classname="backend.tests.test_ios_pre_release.TestQAUserLifecycle" name="test_d_new_password_works" time="0.294" /><testcase classname="backend.tests.test_ios_pre_release.TestQAUserLifecycle" name="test_e_delete_account" time="0.296" /><testcase classname="backend.tests.test_ios_pre_release.TestQAUserLifecycle" name="test_f_check_email_gone" time="0.070" /></testsuite></testsuites>